2025-01-02T12:19:49.400155+00:00 INFO 'ansible_navigator.setup_logger' New ansible-navigator instance, logging initialized
2025-01-02T12:19:49.400571+00:00 INFO 'ansible_navigator.setup_logger' New ansible-runner instance, logging initialized
2025-01-02T12:19:49.400640+00:00 DEBUG 'ansible_navigator.main' ansible-builder==1.1.0 /usr/lib/python3.9/site-packages
2025-01-02T12:19:49.400677+00:00 DEBUG 'ansible_navigator.main' ansible-core==2.13.4 /usr/lib/python3.9/site-packages
2025-01-02T12:19:49.400698+00:00 DEBUG 'ansible_navigator.main' ansible-navigator==2.1.0 /usr/lib/python3.9/site-packages
2025-01-02T12:19:49.400717+00:00 DEBUG 'ansible_navigator.main' ansible-runner==2.2.1 /usr/lib/python3.9/site-packages
2025-01-02T12:19:49.400735+00:00 DEBUG 'ansible_navigator.main' attrs==21.4.0 /usr/lib/python3.9/site-packages
2025-01-02T12:19:49.400762+00:00 DEBUG 'ansible_navigator.main' bindep==2.10.2 /usr/lib/python3.9/site-packages
2025-01-02T12:19:49.400781+00:00 DEBUG 'ansible_navigator.main' cffi==1.14.3 /usr/lib64/python3.9/site-packages
2025-01-02T12:19:49.400799+00:00 DEBUG 'ansible_navigator.main' cryptography==3.3.1 /usr/lib64/python3.9/site-packages
2025-01-02T12:19:49.400816+00:00 DEBUG 'ansible_navigator.main' distro==1.6.0 /usr/lib/python3.9/site-packages
2025-01-02T12:19:49.400834+00:00 DEBUG 'ansible_navigator.main' docutils==0.16 /usr/lib/python3.9/site-packages
2025-01-02T12:19:49.400851+00:00 DEBUG 'ansible_navigator.main' idna==2.10 /usr/lib/python3.9/site-packages
2025-01-02T12:19:49.400868+00:00 DEBUG 'ansible_navigator.main' importlib-metadata==4.10.1 /usr/lib/python3.9/site-packages
2025-01-02T12:19:49.400885+00:00 DEBUG 'ansible_navigator.main' jinja2==3.0.3 /usr/lib/python3.9/site-packages
2025-01-02T12:19:49.400903+00:00 DEBUG 'ansible_navigator.main' jsonschema==4.6.0 /usr/lib/python3.9/site-packages
2025-01-02T12:19:49.400919+00:00 DEBUG 'ansible_navigator.main' lockfile==0.12.2 /usr/lib/python3.9/site-packages
2025-01-02T12:19:49.400936+00:00 DEBUG 'ansible_navigator.main' markupsafe==2.1.0 /usr/lib64/python3.9/site-packages
2025-01-02T12:19:49.400954+00:00 DEBUG 'ansible_navigator.main' onigurumacffi==1.1.0 /usr/lib64/python3.9/site-packages
2025-01-02T12:19:49.400971+00:00 DEBUG 'ansible_navigator.main' packaging==21.3 /usr/lib/python3.9/site-packages
2025-01-02T12:19:49.400998+00:00 DEBUG 'ansible_navigator.main' parsley==1.3 /usr/lib/python3.9/site-packages
2025-01-02T12:19:49.401016+00:00 DEBUG 'ansible_navigator.main' pbr==5.8.1 /usr/lib/python3.9/site-packages
2025-01-02T12:19:49.401034+00:00 DEBUG 'ansible_navigator.main' pexpect==4.8.0 /usr/lib/python3.9/site-packages
2025-01-02T12:19:49.401051+00:00 DEBUG 'ansible_navigator.main' pip==20.2.4 /usr/lib/python3.9/site-packages
2025-01-02T12:19:49.401068+00:00 DEBUG 'ansible_navigator.main' ply==3.11 /usr/lib/python3.9/site-packages
2025-01-02T12:19:49.401086+00:00 DEBUG 'ansible_navigator.main' ptyprocess==0.6.0 /usr/lib/python3.9/site-packages
2025-01-02T12:19:49.401103+00:00 DEBUG 'ansible_navigator.main' pycparser==2.20 /usr/lib/python3.9/site-packages
2025-01-02T12:19:49.401120+00:00 DEBUG 'ansible_navigator.main' pyparsing==2.4.7 /usr/lib/python3.9/site-packages
2025-01-02T12:19:49.401137+00:00 DEBUG 'ansible_navigator.main' pyrsistent==0.18.1 /usr/lib64/python3.9/site-packages
2025-01-02T12:19:49.401164+00:00 DEBUG 'ansible_navigator.main' python-daemon==2.3.0 /usr/lib/python3.9/site-packages
2025-01-02T12:19:49.401185+00:00 DEBUG 'ansible_navigator.main' pyyaml==5.4.1 /usr/lib64/python3.9/site-packages
2025-01-02T12:19:49.401202+00:00 DEBUG 'ansible_navigator.main' requirements-parser==0.2.0 /usr/lib/python3.9/site-packages
2025-01-02T12:19:49.401220+00:00 DEBUG 'ansible_navigator.main' resolvelib==0.5.4 /usr/lib/python3.9/site-packages
2025-01-02T12:19:49.401237+00:00 DEBUG 'ansible_navigator.main' setuptools==50.3.2 /usr/lib/python3.9/site-packages
2025-01-02T12:19:49.401254+00:00 DEBUG 'ansible_navigator.main' six==1.15.0 /usr/lib/python3.9/site-packages
2025-01-02T12:19:49.401271+00:00 DEBUG 'ansible_navigator.main' typing-extensions==3.10.0.2 /usr/lib/python3.9/site-packages
2025-01-02T12:19:49.401300+00:00 DEBUG 'ansible_navigator.main' zipp==3.4.0 /usr/lib/python3.9/site-packages
2025-01-02T12:19:49.401319+00:00 DEBUG 'ansible_navigator.main' Share directory '/usr/lib/python3.9/share/ansible_navigator' not found (development path)
2025-01-02T12:19:49.401336+00:00 DEBUG 'ansible_navigator.main' Share directory '/home/student/.local/share/ansible_navigator' not found (userbase)
2025-01-02T12:19:49.401353+00:00 DEBUG 'ansible_navigator.main' Share directory '/usr/share/ansible_navigator' found (sys.prefix)
2025-01-02T12:19:49.401371+00:00 DEBUG 'ansible_navigator.main' Default collection_doc_cache_path set to: /home/student/.cache/ansible-navigator/collection_doc_cache.db
2025-01-02T12:19:49.401388+00:00 DEBUG 'ansible_navigator.main' EDITOR environment variable not set
2025-01-02T12:19:49.401418+00:00 DEBUG 'ansible_navigator.main' Default editor_command set to: vi +{line_number} {filename}
2025-01-02T12:19:49.401436+00:00 DEBUG 'ansible_navigator.main' No config file set by ANSIBLE_NAVIGATOR_CONFIG
2025-01-02T12:19:49.401453+00:00 DEBUG 'ansible_navigator.main' Looking in /home/student
2025-01-02T12:19:49.401470+00:00 DEBUG 'ansible_navigator.main' Looking for '/home/student/.ansible-navigator.yml', '/home/student/.ansible-navigator.yaml' and '/home/student/.ansible-navigator.json'
2025-01-02T12:19:49.401488+00:00 DEBUG 'ansible_navigator.main' Found 0: 
2025-01-02T12:19:49.401505+00:00 DEBUG 'ansible_navigator.main' Looking in /home/student/inventory-yaml
2025-01-02T12:19:49.401522+00:00 DEBUG 'ansible_navigator.main' Looking for '/home/student/inventory-yaml/ansible-navigator.yml', '/home/student/inventory-yaml/ansible-navigator.yaml' and '/home/student/inventory-yaml/ansible-navigator.json'
2025-01-02T12:19:49.401541+00:00 DEBUG 'ansible_navigator.main' Found 1: '/home/student/inventory-yaml/ansible-navigator.yml'
2025-01-02T12:19:49.401558+00:00 DEBUG 'ansible_navigator.main' All found 1: '/home/student/inventory-yaml/ansible-navigator.yml'
2025-01-02T12:19:49.401575+00:00 DEBUG 'ansible_navigator.main' Using: /home/student/inventory-yaml/ansible-navigator.yml
2025-01-02T12:19:49.401592+00:00 DEBUG 'ansible_navigator.main' Using settings file at /home/student/inventory-yaml/ansible-navigator.yml in search path
2025-01-02T12:19:49.401609+00:00 DEBUG 'ansible_navigator.main' Command provided: 'run -m stdout -i inventory.yml'
2025-01-02T12:19:49.401626+00:00 DEBUG 'ansible_navigator.main' ansible-navigator.ansible-runner.artifact-dir not found in settings file
2025-01-02T12:19:49.401644+00:00 DEBUG 'ansible_navigator.main' ansible-navigator.ansible-runner.rotate-artifacts-count not found in settings file
2025-01-02T12:19:49.401661+00:00 DEBUG 'ansible_navigator.main' ansible-navigator.ansible-runner.timeout not found in settings file
2025-01-02T12:19:49.401678+00:00 DEBUG 'ansible_navigator.main' ansible-navigator.app not found in settings file
2025-01-02T12:19:49.401695+00:00 DEBUG 'ansible_navigator.main' ansible-navigator.ansible.cmdline not found in settings file
2025-01-02T12:19:49.401712+00:00 DEBUG 'ansible_navigator.main' ansible-navigator.collection-doc-cache-path not found in settings file
2025-01-02T12:19:49.401729+00:00 DEBUG 'ansible_navigator.main' ansible-navigator.execution-environment.container-engine not found in settings file
2025-01-02T12:19:49.401746+00:00 DEBUG 'ansible_navigator.main' ansible-navigator.execution-environment.container-options not found in settings file
2025-01-02T12:19:49.401762+00:00 DEBUG 'ansible_navigator.main' ansible-navigator.color.enable not found in settings file
2025-01-02T12:19:49.401779+00:00 DEBUG 'ansible_navigator.main' ansible-navigator.editor.command not found in settings file
2025-01-02T12:19:49.401796+00:00 DEBUG 'ansible_navigator.main' ansible-navigator.editor.console not found in settings file
2025-01-02T12:19:49.401813+00:00 DEBUG 'ansible_navigator.main' ansible-navigator.exec.command not found in settings file
2025-01-02T12:19:49.401830+00:00 DEBUG 'ansible_navigator.main' ansible-navigator.exec.shell not found in settings file
2025-01-02T12:19:49.401850+00:00 DEBUG 'ansible_navigator.main' ansible-navigator.execution-environment.enabled not found in settings file
2025-01-02T12:19:49.401868+00:00 DEBUG 'ansible_navigator.main' ansible-navigator.execution-environment.volume-mounts not found in settings file
2025-01-02T12:19:49.401885+00:00 DEBUG 'ansible_navigator.main' ansible-navigator.ansible-builder.help not found in settings file
2025-01-02T12:19:49.401902+00:00 DEBUG 'ansible_navigator.main' ansible-navigator.ansible.config.help not found in settings file
2025-01-02T12:19:49.401919+00:00 DEBUG 'ansible_navigator.main' ansible-navigator.ansible.doc.help not found in settings file
2025-01-02T12:19:49.401936+00:00 DEBUG 'ansible_navigator.main' ansible-navigator.ansible.inventory.help not found in settings file
2025-01-02T12:19:49.401953+00:00 DEBUG 'ansible_navigator.main' ansible-navigator.ansible.playbook.help not found in settings file
2025-01-02T12:19:49.401970+00:00 DEBUG 'ansible_navigator.main' ansible-navigator.images.details not found in settings file
2025-01-02T12:19:49.401997+00:00 DEBUG 'ansible_navigator.main' ansible-navigator.ansible.inventory.entries not found in settings file
2025-01-02T12:19:49.402015+00:00 DEBUG 'ansible_navigator.main' ansible-navigator.inventory-columns not found in settings file
2025-01-02T12:19:49.402032+00:00 DEBUG 'ansible_navigator.main' ansible-navigator.ansible-lint.config not found in settings file
2025-01-02T12:19:49.402050+00:00 DEBUG 'ansible_navigator.main' ansible-navigator.ansible-lint.lintables not found in settings file
2025-01-02T12:19:49.402066+00:00 DEBUG 'ansible_navigator.main' ansible-navigator.logging.append not found in settings file
2025-01-02T12:19:49.402083+00:00 DEBUG 'ansible_navigator.main' ansible-navigator.logging.level not found in settings file
2025-01-02T12:19:49.402100+00:00 DEBUG 'ansible_navigator.main' ansible-navigator.mode not found in settings file
2025-01-02T12:19:49.402117+00:00 DEBUG 'ansible_navigator.main' ansible-navigator.color.osc4 not found in settings file
2025-01-02T12:19:49.402134+00:00 DEBUG 'ansible_navigator.main' ansible-navigator.execution-environment.environment-variables.pass not found in settings file
2025-01-02T12:19:49.402151+00:00 DEBUG 'ansible_navigator.main' ansible-navigator.ansible.playbook.path not found in settings file
2025-01-02T12:19:49.402176+00:00 DEBUG 'ansible_navigator.main' ansible-navigator.playbook-artifact.enable not found in settings file
2025-01-02T12:19:49.402195+00:00 DEBUG 'ansible_navigator.main' ansible-navigator.playbook-artifact.replay not found in settings file
2025-01-02T12:19:49.402213+00:00 DEBUG 'ansible_navigator.main' ansible-navigator.playbook-artifact.save-as not found in settings file
2025-01-02T12:19:49.402230+00:00 DEBUG 'ansible_navigator.main' ansible-navigator.ansible.doc.plugin.name not found in settings file
2025-01-02T12:19:49.402247+00:00 DEBUG 'ansible_navigator.main' ansible-navigator.ansible.doc.plugin.type not found in settings file
2025-01-02T12:19:49.402264+00:00 DEBUG 'ansible_navigator.main' ansible-navigator.execution-environment.pull.arguments not found in settings file
2025-01-02T12:19:49.402282+00:00 DEBUG 'ansible_navigator.main' ansible-navigator.execution-environment.environment-variables.set not found in settings file
2025-01-02T12:19:49.402299+00:00 DEBUG 'ansible_navigator.main' ansible-navigator.settings.effective not found in settings file
2025-01-02T12:19:49.402316+00:00 DEBUG 'ansible_navigator.main' ansible-navigator.settings.sample not found in settings file
2025-01-02T12:19:49.402333+00:00 DEBUG 'ansible_navigator.main' ansible-navigator.settings.schema not found in settings file
2025-01-02T12:19:49.402349+00:00 DEBUG 'ansible_navigator.main' ansible-navigator.settings.sources not found in settings file
2025-01-02T12:19:49.402366+00:00 DEBUG 'ansible_navigator.main' ansible-navigator.time-zone not found in settings file
2025-01-02T12:19:49.402383+00:00 DEBUG 'ansible_navigator.main' ansible-navigator.ansible-builder.workdir not found in settings file
2025-01-02T12:19:49.402443+00:00 DEBUG 'ansible_navigator.main' EE support enabled: using current working directory for 'ansible.cfg'
2025-01-02T12:19:49.402464+00:00 INFO 'ansible_navigator.main' EE support enabled: found 'ansible.cfg' in current working directory.
2025-01-02T12:19:49.402481+00:00 DEBUG 'ansible_navigator.main' Completed post processing for ansible_runner_artifact_dir. (changed=False)
2025-01-02T12:19:49.402498+00:00 DEBUG 'ansible_navigator.main' Completed post processing for ansible_runner_rotate_artifacts_count. (changed=False)
2025-01-02T12:19:49.402515+00:00 DEBUG 'ansible_navigator.main' Completed post processing for ansible_runner_timeout. (changed=False)
2025-01-02T12:19:49.402532+00:00 DEBUG 'ansible_navigator.main' Completed post processing for cmdline. (changed=False)
2025-01-02T12:19:49.402548+00:00 DEBUG 'ansible_navigator.main' Completed post processing for collection_doc_cache_path. (changed=False)
2025-01-02T12:19:49.402565+00:00 DEBUG 'ansible_navigator.main' Completed post processing for container_engine. (changed=True)
2025-01-02T12:19:49.402581+00:00 DEBUG 'ansible_navigator.main'  before: 'auto'
2025-01-02T12:19:49.402598+00:00 DEBUG 'ansible_navigator.main'  after: 'podman'
2025-01-02T12:19:49.402615+00:00 DEBUG 'ansible_navigator.main' Completed post processing for container_options. (changed=False)
2025-01-02T12:19:49.402632+00:00 DEBUG 'ansible_navigator.main' Completed post processing for display_color. (changed=False)
2025-01-02T12:19:49.402649+00:00 DEBUG 'ansible_navigator.main' Completed post processing for execution_environment. (changed=False)
2025-01-02T12:19:49.402665+00:00 DEBUG 'ansible_navigator.main' Completed post processing for execution_environment_image. (changed=False)
2025-01-02T12:19:49.402682+00:00 DEBUG 'ansible_navigator.main' Completed post processing for help_builder. (changed=False)
2025-01-02T12:19:49.402699+00:00 DEBUG 'ansible_navigator.main' Completed post processing for help_config. (changed=False)
2025-01-02T12:19:49.402716+00:00 DEBUG 'ansible_navigator.main' Completed post processing for help_doc. (changed=False)
2025-01-02T12:19:49.402733+00:00 DEBUG 'ansible_navigator.main' Completed post processing for help_inventory. (changed=False)
2025-01-02T12:19:49.402750+00:00 DEBUG 'ansible_navigator.main' Completed post processing for help_playbook. (changed=False)
2025-01-02T12:19:49.402766+00:00 DEBUG 'ansible_navigator.main' Completed post processing for images_details. (changed=False)
2025-01-02T12:19:49.402783+00:00 DEBUG 'ansible_navigator.main' Completed post processing for inventory. (changed=True)
2025-01-02T12:19:49.402800+00:00 DEBUG 'ansible_navigator.main'  before: '[['inventory.yml']]'
2025-01-02T12:19:49.402817+00:00 DEBUG 'ansible_navigator.main'  after: '['/home/student/inventory-yaml/inventory.yml']'
2025-01-02T12:19:49.402834+00:00 DEBUG 'ansible_navigator.main' Completed post processing for inventory_column. (changed=False)
2025-01-02T12:19:49.402851+00:00 DEBUG 'ansible_navigator.main' Completed post processing for log_file. (changed=False)
2025-01-02T12:19:49.402867+00:00 DEBUG 'ansible_navigator.main' Completed post processing for pass_environment_variable. (changed=False)
2025-01-02T12:19:49.402884+00:00 DEBUG 'ansible_navigator.main' Completed post processing for playbook. (changed=False)
2025-01-02T12:19:49.402901+00:00 DEBUG 'ansible_navigator.main' Completed post processing for playbook_artifact_replay. (changed=False)
2025-01-02T12:19:49.402918+00:00 DEBUG 'ansible_navigator.main' Completed post processing for playbook_artifact_save_as. (changed=False)
2025-01-02T12:19:49.402935+00:00 DEBUG 'ansible_navigator.main' Completed post processing for plugin_name. (changed=False)
2025-01-02T12:19:49.402952+00:00 DEBUG 'ansible_navigator.main' Completed post processing for pull_arguments. (changed=False)
2025-01-02T12:19:49.402969+00:00 DEBUG 'ansible_navigator.main' Completed post processing for set_environment_variable. (changed=False)
2025-01-02T12:19:49.402998+00:00 DEBUG 'ansible_navigator.main' Completed post processing for settings_effective. (changed=False)
2025-01-02T12:19:49.403025+00:00 DEBUG 'ansible_navigator.main' Completed post processing for settings_sample. (changed=False)
2025-01-02T12:19:49.403043+00:00 DEBUG 'ansible_navigator.main' Completed post processing for settings_schema. (changed=False)
2025-01-02T12:19:49.403060+00:00 DEBUG 'ansible_navigator.main' Completed post processing for settings_sources. (changed=False)
2025-01-02T12:19:49.403077+00:00 DEBUG 'ansible_navigator.main' Completed post processing for time_zone. (changed=False)
2025-01-02T12:19:49.403095+00:00 DEBUG 'ansible_navigator.main' Completed post processing for execution_environment_volume_mounts. (changed=False)
2025-01-02T12:19:49.403112+00:00 DEBUG 'ansible_navigator.main' Completed post processing for mode. (changed=False)
2025-01-02T12:19:49.403132+00:00 WARNING 'ansible_navigator.main' Configuration errors encountered, rolling back to previous configuration.
2025-01-02T12:19:49.403150+00:00 DEBUG 'ansible_navigator.main' Prior to rollback: ansible_runner_artifact_dir = 'Not set' (Constants/Not set)
2025-01-02T12:19:49.403168+00:00 DEBUG 'ansible_navigator.main' Prior to rollback: ansible_runner_rotate_artifacts_count = 'Not set' (Constants/Not set)
2025-01-02T12:19:49.403194+00:00 DEBUG 'ansible_navigator.main' Prior to rollback: ansible_runner_timeout = 'Not set' (Constants/Not set)
2025-01-02T12:19:49.403212+00:00 DEBUG 'ansible_navigator.main' Prior to rollback: app = 'run' (str/Command line)
2025-01-02T12:19:49.403229+00:00 DEBUG 'ansible_navigator.main' Prior to rollback: cmdline = 'Not set' (Constants/Not set)
2025-01-02T12:19:49.403246+00:00 DEBUG 'ansible_navigator.main' Prior to rollback: collection_doc_cache_path = '/home/student/.cache/ansible-navigator/collection_doc_cache.db' (str/Defaults)
2025-01-02T12:19:49.403264+00:00 DEBUG 'ansible_navigator.main' Prior to rollback: config = './ansible.cfg' (str/Settings file)
2025-01-02T12:19:49.403281+00:00 DEBUG 'ansible_navigator.main' Prior to rollback: container_engine = 'podman' (str/Automatically determined)
2025-01-02T12:19:49.403299+00:00 DEBUG 'ansible_navigator.main' Prior to rollback: container_options = 'Not set' (Constants/Not set)
2025-01-02T12:19:49.403316+00:00 DEBUG 'ansible_navigator.main' Prior to rollback: display_color = 'True' (bool/Defaults)
2025-01-02T12:19:49.403332+00:00 DEBUG 'ansible_navigator.main' Prior to rollback: editor_command = 'vi +{line_number} {filename}' (str/Defaults)
2025-01-02T12:19:49.403349+00:00 DEBUG 'ansible_navigator.main' Prior to rollback: editor_console = 'True' (bool/Defaults)
2025-01-02T12:19:49.403367+00:00 DEBUG 'ansible_navigator.main' Prior to rollback: exec_command = '/bin/bash' (str/Defaults)
2025-01-02T12:19:49.403383+00:00 DEBUG 'ansible_navigator.main' Prior to rollback: exec_shell = 'True' (bool/Defaults)
2025-01-02T12:19:49.403417+00:00 DEBUG 'ansible_navigator.main' Prior to rollback: execution_environment = 'True' (bool/Defaults)
2025-01-02T12:19:49.403435+00:00 DEBUG 'ansible_navigator.main' Prior to rollback: execution_environment_image = 'ee-supported-rhel8:latest' (str/Settings file)
2025-01-02T12:19:49.403453+00:00 DEBUG 'ansible_navigator.main' Prior to rollback: execution_environment_volume_mounts = 'Not set' (Constants/Not set)
2025-01-02T12:19:49.403470+00:00 DEBUG 'ansible_navigator.main' Prior to rollback: help_builder = 'False' (bool/Defaults)
2025-01-02T12:19:49.403487+00:00 DEBUG 'ansible_navigator.main' Prior to rollback: help_config = 'False' (bool/Defaults)
2025-01-02T12:19:49.403504+00:00 DEBUG 'ansible_navigator.main' Prior to rollback: help_doc = 'False' (bool/Defaults)
2025-01-02T12:19:49.403521+00:00 DEBUG 'ansible_navigator.main' Prior to rollback: help_inventory = 'False' (bool/Defaults)
2025-01-02T12:19:49.403538+00:00 DEBUG 'ansible_navigator.main' Prior to rollback: help_playbook = 'False' (bool/Defaults)
2025-01-02T12:19:49.403555+00:00 DEBUG 'ansible_navigator.main' Prior to rollback: images_details = '['everything']' (list/Defaults)
2025-01-02T12:19:49.403573+00:00 DEBUG 'ansible_navigator.main' Prior to rollback: inventory = '['/home/student/inventory-yaml/inventory.yml']' (list/Command line)
2025-01-02T12:19:49.403594+00:00 DEBUG 'ansible_navigator.main' Prior to rollback: inventory_column = 'Not set' (Constants/Not set)
2025-01-02T12:19:49.403611+00:00 DEBUG 'ansible_navigator.main' Prior to rollback: lint_config = 'Not set' (Constants/Not set)
2025-01-02T12:19:49.403628+00:00 DEBUG 'ansible_navigator.main' Prior to rollback: lintables = 'Not set' (Constants/Not set)
2025-01-02T12:19:49.403645+00:00 DEBUG 'ansible_navigator.main' Prior to rollback: log_append = 'True' (bool/Defaults)
2025-01-02T12:19:49.403662+00:00 DEBUG 'ansible_navigator.main' Prior to rollback: log_file = '/dev/null' (str/Settings file)
2025-01-02T12:19:49.403679+00:00 DEBUG 'ansible_navigator.main' Prior to rollback: log_level = 'warning' (str/Defaults)
2025-01-02T12:19:49.403696+00:00 DEBUG 'ansible_navigator.main' Prior to rollback: mode = 'stdout' (str/Command line)
2025-01-02T12:19:49.403713+00:00 DEBUG 'ansible_navigator.main' Prior to rollback: osc4 = 'True' (bool/Defaults)
2025-01-02T12:19:49.403729+00:00 DEBUG 'ansible_navigator.main' Prior to rollback: pass_environment_variable = 'Not set' (Constants/Not set)
2025-01-02T12:19:49.403746+00:00 DEBUG 'ansible_navigator.main' Prior to rollback: playbook = 'Not set' (Constants/Not set)
2025-01-02T12:19:49.403763+00:00 DEBUG 'ansible_navigator.main' Prior to rollback: playbook_artifact_enable = 'True' (bool/Defaults)
2025-01-02T12:19:49.403780+00:00 DEBUG 'ansible_navigator.main' Prior to rollback: playbook_artifact_replay = 'Not set' (Constants/Not set)
2025-01-02T12:19:49.403797+00:00 DEBUG 'ansible_navigator.main' Prior to rollback: playbook_artifact_save_as = '{playbook_dir}/{playbook_name}-artifact-{time_stamp}.json' (str/Defaults)
2025-01-02T12:19:49.403814+00:00 DEBUG 'ansible_navigator.main' Prior to rollback: plugin_name = 'Not set' (Constants/Not set)
2025-01-02T12:19:49.403830+00:00 DEBUG 'ansible_navigator.main' Prior to rollback: plugin_type = 'module' (str/Defaults)
2025-01-02T12:19:49.403847+00:00 DEBUG 'ansible_navigator.main' Prior to rollback: pull_arguments = 'Not set' (Constants/Not set)
2025-01-02T12:19:49.403864+00:00 DEBUG 'ansible_navigator.main' Prior to rollback: pull_policy = 'missing' (str/Settings file)
2025-01-02T12:19:49.403881+00:00 DEBUG 'ansible_navigator.main' Prior to rollback: set_environment_variable = 'Not set' (Constants/Not set)
2025-01-02T12:19:49.403898+00:00 DEBUG 'ansible_navigator.main' Prior to rollback: settings_effective = 'False' (bool/Defaults)
2025-01-02T12:19:49.403915+00:00 DEBUG 'ansible_navigator.main' Prior to rollback: settings_sample = 'False' (bool/Defaults)
2025-01-02T12:19:49.403932+00:00 DEBUG 'ansible_navigator.main' Prior to rollback: settings_schema = 'json' (str/Defaults)
2025-01-02T12:19:49.403949+00:00 DEBUG 'ansible_navigator.main' Prior to rollback: settings_sources = 'False' (bool/Defaults)
2025-01-02T12:19:49.403966+00:00 DEBUG 'ansible_navigator.main' Prior to rollback: time_zone = 'UTC' (str/Defaults)
2025-01-02T12:19:49.403990+00:00 DEBUG 'ansible_navigator.main' Prior to rollback: workdir = '/home/student/inventory-yaml' (str/Defaults)
2025-01-02T12:19:49.404008+00:00 DEBUG 'ansible_navigator.main' After rollback: ansible_runner_artifact_dir = 'Not set' (Constants/Not set)
2025-01-02T12:19:49.404026+00:00 DEBUG 'ansible_navigator.main' After rollback: ansible_runner_rotate_artifacts_count = 'Not set' (Constants/Not set)
2025-01-02T12:19:49.404043+00:00 DEBUG 'ansible_navigator.main' After rollback: ansible_runner_timeout = 'Not set' (Constants/Not set)
2025-01-02T12:19:49.404060+00:00 DEBUG 'ansible_navigator.main' After rollback: app = 'Not set' (Constants/Not set)
2025-01-02T12:19:49.404076+00:00 DEBUG 'ansible_navigator.main' After rollback: cmdline = 'Not set' (Constants/Not set)
2025-01-02T12:19:49.404093+00:00 DEBUG 'ansible_navigator.main' After rollback: collection_doc_cache_path = 'Not set' (Constants/Not set)
2025-01-02T12:19:49.404110+00:00 DEBUG 'ansible_navigator.main' After rollback: config = 'Not set' (Constants/Not set)
2025-01-02T12:19:49.404130+00:00 DEBUG 'ansible_navigator.main' After rollback: container_engine = 'Not set' (Constants/Not set)
2025-01-02T12:19:49.404147+00:00 DEBUG 'ansible_navigator.main' After rollback: container_options = 'Not set' (Constants/Not set)
2025-01-02T12:19:49.404164+00:00 DEBUG 'ansible_navigator.main' After rollback: display_color = 'Not set' (Constants/Not set)
2025-01-02T12:19:49.404183+00:00 DEBUG 'ansible_navigator.main' After rollback: editor_command = 'Not set' (Constants/Not set)
2025-01-02T12:19:49.404207+00:00 DEBUG 'ansible_navigator.main' After rollback: editor_console = 'Not set' (Constants/Not set)
2025-01-02T12:19:49.404224+00:00 DEBUG 'ansible_navigator.main' After rollback: exec_command = 'Not set' (Constants/Not set)
2025-01-02T12:19:49.404241+00:00 DEBUG 'ansible_navigator.main' After rollback: exec_shell = 'Not set' (Constants/Not set)
2025-01-02T12:19:49.404258+00:00 DEBUG 'ansible_navigator.main' After rollback: execution_environment = 'Not set' (Constants/Not set)
2025-01-02T12:19:49.404275+00:00 DEBUG 'ansible_navigator.main' After rollback: execution_environment_image = 'Not set' (Constants/Not set)
2025-01-02T12:19:49.404292+00:00 DEBUG 'ansible_navigator.main' After rollback: execution_environment_volume_mounts = 'Not set' (Constants/Not set)
2025-01-02T12:19:49.404309+00:00 DEBUG 'ansible_navigator.main' After rollback: help_builder = 'Not set' (Constants/Not set)
2025-01-02T12:19:49.404326+00:00 DEBUG 'ansible_navigator.main' After rollback: help_config = 'Not set' (Constants/Not set)
2025-01-02T12:19:49.404343+00:00 DEBUG 'ansible_navigator.main' After rollback: help_doc = 'Not set' (Constants/Not set)
2025-01-02T12:19:49.404359+00:00 DEBUG 'ansible_navigator.main' After rollback: help_inventory = 'Not set' (Constants/Not set)
2025-01-02T12:19:49.404376+00:00 DEBUG 'ansible_navigator.main' After rollback: help_playbook = 'Not set' (Constants/Not set)
2025-01-02T12:19:49.404393+00:00 DEBUG 'ansible_navigator.main' After rollback: images_details = 'Not set' (Constants/Not set)
2025-01-02T12:19:49.404418+00:00 DEBUG 'ansible_navigator.main' After rollback: inventory = 'Not set' (Constants/Not set)
2025-01-02T12:19:49.404436+00:00 DEBUG 'ansible_navigator.main' After rollback: inventory_column = 'Not set' (Constants/Not set)
2025-01-02T12:19:49.404453+00:00 DEBUG 'ansible_navigator.main' After rollback: lint_config = 'Not set' (Constants/Not set)
2025-01-02T12:19:49.404470+00:00 DEBUG 'ansible_navigator.main' After rollback: lintables = 'Not set' (Constants/Not set)
2025-01-02T12:19:49.404487+00:00 DEBUG 'ansible_navigator.main' After rollback: log_append = 'Not set' (Constants/Not set)
2025-01-02T12:19:49.404505+00:00 DEBUG 'ansible_navigator.main' After rollback: log_file = 'Not set' (Constants/Not set)
2025-01-02T12:19:49.404521+00:00 DEBUG 'ansible_navigator.main' After rollback: log_level = 'Not set' (Constants/Not set)
2025-01-02T12:19:49.404538+00:00 DEBUG 'ansible_navigator.main' After rollback: mode = 'Not set' (Constants/Not set)
2025-01-02T12:19:49.404555+00:00 DEBUG 'ansible_navigator.main' After rollback: osc4 = 'Not set' (Constants/Not set)
2025-01-02T12:19:49.404572+00:00 DEBUG 'ansible_navigator.main' After rollback: pass_environment_variable = 'Not set' (Constants/Not set)
2025-01-02T12:19:49.404589+00:00 DEBUG 'ansible_navigator.main' After rollback: playbook = 'Not set' (Constants/Not set)
2025-01-02T12:19:49.404606+00:00 DEBUG 'ansible_navigator.main' After rollback: playbook_artifact_enable = 'Not set' (Constants/Not set)
2025-01-02T12:19:49.404623+00:00 DEBUG 'ansible_navigator.main' After rollback: playbook_artifact_replay = 'Not set' (Constants/Not set)
2025-01-02T12:19:49.404640+00:00 DEBUG 'ansible_navigator.main' After rollback: playbook_artifact_save_as = 'Not set' (Constants/Not set)
2025-01-02T12:19:49.404657+00:00 DEBUG 'ansible_navigator.main' After rollback: plugin_name = 'Not set' (Constants/Not set)
2025-01-02T12:19:49.404674+00:00 DEBUG 'ansible_navigator.main' After rollback: plugin_type = 'Not set' (Constants/Not set)
2025-01-02T12:19:49.404701+00:00 DEBUG 'ansible_navigator.main' After rollback: pull_arguments = 'Not set' (Constants/Not set)
2025-01-02T12:19:49.404719+00:00 DEBUG 'ansible_navigator.main' After rollback: pull_policy = 'Not set' (Constants/Not set)
2025-01-02T12:19:49.404736+00:00 DEBUG 'ansible_navigator.main' After rollback: set_environment_variable = 'Not set' (Constants/Not set)
2025-01-02T12:19:49.404753+00:00 DEBUG 'ansible_navigator.main' After rollback: settings_effective = 'Not set' (Constants/Not set)
2025-01-02T12:19:49.404770+00:00 DEBUG 'ansible_navigator.main' After rollback: settings_sample = 'Not set' (Constants/Not set)
2025-01-02T12:19:49.404787+00:00 DEBUG 'ansible_navigator.main' After rollback: settings_schema = 'Not set' (Constants/Not set)
2025-01-02T12:19:49.404804+00:00 DEBUG 'ansible_navigator.main' After rollback: settings_sources = 'Not set' (Constants/Not set)
2025-01-02T12:19:49.404821+00:00 DEBUG 'ansible_navigator.main' After rollback: time_zone = 'Not set' (Constants/Not set)
2025-01-02T12:19:49.404838+00:00 DEBUG 'ansible_navigator.main' After rollback: workdir = 'Not set' (Constants/Not set)
2025-01-02T12:19:49.404855+00:00 DEBUG 'ansible_navigator.main' Configuration rollback complete.
2025-01-02T12:19:49.404872+00:00 DEBUG 'ansible_navigator.main' Collection doc cache not mounted
2025-01-02T12:19:49.404904+00:00 WARNING 'ansible_navigator.main' Issues were found while applying the settings.
2025-01-02T12:19:49.404925+00:00 INFO 'ansible_navigator.main' Command provided: 'run -m stdout -i inventory.yml'
2025-01-02T12:19:49.404948+00:00 ERROR 'ansible_navigator.main' A playbook is required when using the run subcommand
2025-01-02T12:19:49.404968+00:00 INFO 'ansible_navigator.main' Try again with 'run <playbook name>'
2025-01-02T12:19:49.404995+00:00 INFO 'ansible_navigator.main' Configuration failed, using default log file location. (/home/student/inventory-yaml/ansible-navigator.log) Log level set to debug
2025-01-02T12:19:49.405015+00:00 INFO 'ansible_navigator.main' Review the hints and log file to see what went wrong.
2025-01-02T12:19:53.456183+00:00 INFO 'ansible_navigator.setup_logger' New ansible-navigator instance, logging initialized
2025-01-02T12:19:53.456542+00:00 INFO 'ansible_navigator.setup_logger' New ansible-runner instance, logging initialized
2025-01-02T12:19:53.456593+00:00 DEBUG 'ansible_navigator.main' ansible-builder==1.1.0 /usr/lib/python3.9/site-packages
2025-01-02T12:19:53.456617+00:00 DEBUG 'ansible_navigator.main' ansible-core==2.13.4 /usr/lib/python3.9/site-packages
2025-01-02T12:19:53.456637+00:00 DEBUG 'ansible_navigator.main' ansible-navigator==2.1.0 /usr/lib/python3.9/site-packages
2025-01-02T12:19:53.456656+00:00 DEBUG 'ansible_navigator.main' ansible-runner==2.2.1 /usr/lib/python3.9/site-packages
2025-01-02T12:19:53.456674+00:00 DEBUG 'ansible_navigator.main' attrs==21.4.0 /usr/lib/python3.9/site-packages
2025-01-02T12:19:53.456692+00:00 DEBUG 'ansible_navigator.main' bindep==2.10.2 /usr/lib/python3.9/site-packages
2025-01-02T12:19:53.456709+00:00 DEBUG 'ansible_navigator.main' cffi==1.14.3 /usr/lib64/python3.9/site-packages
2025-01-02T12:19:53.456726+00:00 DEBUG 'ansible_navigator.main' cryptography==3.3.1 /usr/lib64/python3.9/site-packages
2025-01-02T12:19:53.456743+00:00 DEBUG 'ansible_navigator.main' distro==1.6.0 /usr/lib/python3.9/site-packages
2025-01-02T12:19:53.456760+00:00 DEBUG 'ansible_navigator.main' docutils==0.16 /usr/lib/python3.9/site-packages
2025-01-02T12:19:53.456777+00:00 DEBUG 'ansible_navigator.main' idna==2.10 /usr/lib/python3.9/site-packages
2025-01-02T12:19:53.456794+00:00 DEBUG 'ansible_navigator.main' importlib-metadata==4.10.1 /usr/lib/python3.9/site-packages
2025-01-02T12:19:53.456811+00:00 DEBUG 'ansible_navigator.main' jinja2==3.0.3 /usr/lib/python3.9/site-packages
2025-01-02T12:19:53.456828+00:00 DEBUG 'ansible_navigator.main' jsonschema==4.6.0 /usr/lib/python3.9/site-packages
2025-01-02T12:19:53.456845+00:00 DEBUG 'ansible_navigator.main' lockfile==0.12.2 /usr/lib/python3.9/site-packages
2025-01-02T12:19:53.456870+00:00 DEBUG 'ansible_navigator.main' markupsafe==2.1.0 /usr/lib64/python3.9/site-packages
2025-01-02T12:19:53.456888+00:00 DEBUG 'ansible_navigator.main' onigurumacffi==1.1.0 /usr/lib64/python3.9/site-packages
2025-01-02T12:19:53.456905+00:00 DEBUG 'ansible_navigator.main' packaging==21.3 /usr/lib/python3.9/site-packages
2025-01-02T12:19:53.456922+00:00 DEBUG 'ansible_navigator.main' parsley==1.3 /usr/lib/python3.9/site-packages
2025-01-02T12:19:53.456939+00:00 DEBUG 'ansible_navigator.main' pbr==5.8.1 /usr/lib/python3.9/site-packages
2025-01-02T12:19:53.456956+00:00 DEBUG 'ansible_navigator.main' pexpect==4.8.0 /usr/lib/python3.9/site-packages
2025-01-02T12:19:53.456973+00:00 DEBUG 'ansible_navigator.main' pip==20.2.4 /usr/lib/python3.9/site-packages
2025-01-02T12:19:53.457000+00:00 DEBUG 'ansible_navigator.main' ply==3.11 /usr/lib/python3.9/site-packages
2025-01-02T12:19:53.457016+00:00 DEBUG 'ansible_navigator.main' ptyprocess==0.6.0 /usr/lib/python3.9/site-packages
2025-01-02T12:19:53.457033+00:00 DEBUG 'ansible_navigator.main' pycparser==2.20 /usr/lib/python3.9/site-packages
2025-01-02T12:19:53.457050+00:00 DEBUG 'ansible_navigator.main' pyparsing==2.4.7 /usr/lib/python3.9/site-packages
2025-01-02T12:19:53.457067+00:00 DEBUG 'ansible_navigator.main' pyrsistent==0.18.1 /usr/lib64/python3.9/site-packages
2025-01-02T12:19:53.457084+00:00 DEBUG 'ansible_navigator.main' python-daemon==2.3.0 /usr/lib/python3.9/site-packages
2025-01-02T12:19:53.457101+00:00 DEBUG 'ansible_navigator.main' pyyaml==5.4.1 /usr/lib64/python3.9/site-packages
2025-01-02T12:19:53.457117+00:00 DEBUG 'ansible_navigator.main' requirements-parser==0.2.0 /usr/lib/python3.9/site-packages
2025-01-02T12:19:53.457134+00:00 DEBUG 'ansible_navigator.main' resolvelib==0.5.4 /usr/lib/python3.9/site-packages
2025-01-02T12:19:53.457150+00:00 DEBUG 'ansible_navigator.main' setuptools==50.3.2 /usr/lib/python3.9/site-packages
2025-01-02T12:19:53.457167+00:00 DEBUG 'ansible_navigator.main' six==1.15.0 /usr/lib/python3.9/site-packages
2025-01-02T12:19:53.457184+00:00 DEBUG 'ansible_navigator.main' typing-extensions==3.10.0.2 /usr/lib/python3.9/site-packages
2025-01-02T12:19:53.457201+00:00 DEBUG 'ansible_navigator.main' zipp==3.4.0 /usr/lib/python3.9/site-packages
2025-01-02T12:19:53.457218+00:00 DEBUG 'ansible_navigator.main' Share directory '/usr/lib/python3.9/share/ansible_navigator' not found (development path)
2025-01-02T12:19:53.457235+00:00 DEBUG 'ansible_navigator.main' Share directory '/home/student/.local/share/ansible_navigator' not found (userbase)
2025-01-02T12:19:53.457252+00:00 DEBUG 'ansible_navigator.main' Share directory '/usr/share/ansible_navigator' found (sys.prefix)
2025-01-02T12:19:53.457269+00:00 DEBUG 'ansible_navigator.main' Default collection_doc_cache_path set to: /home/student/.cache/ansible-navigator/collection_doc_cache.db
2025-01-02T12:19:53.457287+00:00 DEBUG 'ansible_navigator.main' EDITOR environment variable not set
2025-01-02T12:19:53.457304+00:00 DEBUG 'ansible_navigator.main' Default editor_command set to: vi +{line_number} {filename}
2025-01-02T12:19:53.457321+00:00 DEBUG 'ansible_navigator.main' No config file set by ANSIBLE_NAVIGATOR_CONFIG
2025-01-02T12:19:53.457338+00:00 DEBUG 'ansible_navigator.main' Looking in /home/student
2025-01-02T12:19:53.457355+00:00 DEBUG 'ansible_navigator.main' Looking for '/home/student/.ansible-navigator.yml', '/home/student/.ansible-navigator.yaml' and '/home/student/.ansible-navigator.json'
2025-01-02T12:19:53.457372+00:00 DEBUG 'ansible_navigator.main' Found 0: 
2025-01-02T12:19:53.457390+00:00 DEBUG 'ansible_navigator.main' Looking in /home/student/inventory-yaml
2025-01-02T12:19:53.457452+00:00 DEBUG 'ansible_navigator.main' Looking for '/home/student/inventory-yaml/ansible-navigator.yml', '/home/student/inventory-yaml/ansible-navigator.yaml' and '/home/student/inventory-yaml/ansible-navigator.json'
2025-01-02T12:19:53.457471+00:00 DEBUG 'ansible_navigator.main' Found 1: '/home/student/inventory-yaml/ansible-navigator.yml'
2025-01-02T12:19:53.457489+00:00 DEBUG 'ansible_navigator.main' All found 1: '/home/student/inventory-yaml/ansible-navigator.yml'
2025-01-02T12:19:53.457515+00:00 DEBUG 'ansible_navigator.main' Using: /home/student/inventory-yaml/ansible-navigator.yml
2025-01-02T12:19:53.457533+00:00 DEBUG 'ansible_navigator.main' Using settings file at /home/student/inventory-yaml/ansible-navigator.yml in search path
2025-01-02T12:19:53.457550+00:00 DEBUG 'ansible_navigator.main' Command provided: 'run -m stdout -i inventory.yml test-ping-all-servers.yml'
2025-01-02T12:19:53.457568+00:00 DEBUG 'ansible_navigator.main' ansible-navigator.ansible-runner.artifact-dir not found in settings file
2025-01-02T12:19:53.457585+00:00 DEBUG 'ansible_navigator.main' ansible-navigator.ansible-runner.rotate-artifacts-count not found in settings file
2025-01-02T12:19:53.457602+00:00 DEBUG 'ansible_navigator.main' ansible-navigator.ansible-runner.timeout not found in settings file
2025-01-02T12:19:53.457619+00:00 DEBUG 'ansible_navigator.main' ansible-navigator.app not found in settings file
2025-01-02T12:19:53.457636+00:00 DEBUG 'ansible_navigator.main' ansible-navigator.ansible.cmdline not found in settings file
2025-01-02T12:19:53.457653+00:00 DEBUG 'ansible_navigator.main' ansible-navigator.collection-doc-cache-path not found in settings file
2025-01-02T12:19:53.457670+00:00 DEBUG 'ansible_navigator.main' ansible-navigator.execution-environment.container-engine not found in settings file
2025-01-02T12:19:53.457687+00:00 DEBUG 'ansible_navigator.main' ansible-navigator.execution-environment.container-options not found in settings file
2025-01-02T12:19:53.457704+00:00 DEBUG 'ansible_navigator.main' ansible-navigator.color.enable not found in settings file
2025-01-02T12:19:53.457720+00:00 DEBUG 'ansible_navigator.main' ansible-navigator.editor.command not found in settings file
2025-01-02T12:19:53.457737+00:00 DEBUG 'ansible_navigator.main' ansible-navigator.editor.console not found in settings file
2025-01-02T12:19:53.457754+00:00 DEBUG 'ansible_navigator.main' ansible-navigator.exec.command not found in settings file
2025-01-02T12:19:53.457770+00:00 DEBUG 'ansible_navigator.main' ansible-navigator.exec.shell not found in settings file
2025-01-02T12:19:53.457787+00:00 DEBUG 'ansible_navigator.main' ansible-navigator.execution-environment.enabled not found in settings file
2025-01-02T12:19:53.457803+00:00 DEBUG 'ansible_navigator.main' ansible-navigator.execution-environment.volume-mounts not found in settings file
2025-01-02T12:19:53.457820+00:00 DEBUG 'ansible_navigator.main' ansible-navigator.ansible-builder.help not found in settings file
2025-01-02T12:19:53.457837+00:00 DEBUG 'ansible_navigator.main' ansible-navigator.ansible.config.help not found in settings file
2025-01-02T12:19:53.457854+00:00 DEBUG 'ansible_navigator.main' ansible-navigator.ansible.doc.help not found in settings file
2025-01-02T12:19:53.457870+00:00 DEBUG 'ansible_navigator.main' ansible-navigator.ansible.inventory.help not found in settings file
2025-01-02T12:19:53.457887+00:00 DEBUG 'ansible_navigator.main' ansible-navigator.ansible.playbook.help not found in settings file
2025-01-02T12:19:53.457904+00:00 DEBUG 'ansible_navigator.main' ansible-navigator.images.details not found in settings file
2025-01-02T12:19:53.457920+00:00 DEBUG 'ansible_navigator.main' ansible-navigator.ansible.inventory.entries not found in settings file
2025-01-02T12:19:53.457937+00:00 DEBUG 'ansible_navigator.main' ansible-navigator.inventory-columns not found in settings file
2025-01-02T12:19:53.457953+00:00 DEBUG 'ansible_navigator.main' ansible-navigator.ansible-lint.config not found in settings file
2025-01-02T12:19:53.457970+00:00 DEBUG 'ansible_navigator.main' ansible-navigator.ansible-lint.lintables not found in settings file
2025-01-02T12:19:53.457993+00:00 DEBUG 'ansible_navigator.main' ansible-navigator.logging.append not found in settings file
2025-01-02T12:19:53.458009+00:00 DEBUG 'ansible_navigator.main' ansible-navigator.logging.level not found in settings file
2025-01-02T12:19:53.458026+00:00 DEBUG 'ansible_navigator.main' ansible-navigator.mode not found in settings file
2025-01-02T12:19:53.458050+00:00 DEBUG 'ansible_navigator.main' ansible-navigator.color.osc4 not found in settings file
2025-01-02T12:19:53.458068+00:00 DEBUG 'ansible_navigator.main' ansible-navigator.execution-environment.environment-variables.pass not found in settings file
2025-01-02T12:19:53.458085+00:00 DEBUG 'ansible_navigator.main' ansible-navigator.ansible.playbook.path not found in settings file
2025-01-02T12:19:53.458102+00:00 DEBUG 'ansible_navigator.main' ansible-navigator.playbook-artifact.enable not found in settings file
2025-01-02T12:19:53.458119+00:00 DEBUG 'ansible_navigator.main' ansible-navigator.playbook-artifact.replay not found in settings file
2025-01-02T12:19:53.458136+00:00 DEBUG 'ansible_navigator.main' ansible-navigator.playbook-artifact.save-as not found in settings file
2025-01-02T12:19:53.458153+00:00 DEBUG 'ansible_navigator.main' ansible-navigator.ansible.doc.plugin.name not found in settings file
2025-01-02T12:19:53.458169+00:00 DEBUG 'ansible_navigator.main' ansible-navigator.ansible.doc.plugin.type not found in settings file
2025-01-02T12:19:53.458186+00:00 DEBUG 'ansible_navigator.main' ansible-navigator.execution-environment.pull.arguments not found in settings file
2025-01-02T12:19:53.458203+00:00 DEBUG 'ansible_navigator.main' ansible-navigator.execution-environment.environment-variables.set not found in settings file
2025-01-02T12:19:53.458220+00:00 DEBUG 'ansible_navigator.main' ansible-navigator.settings.effective not found in settings file
2025-01-02T12:19:53.458236+00:00 DEBUG 'ansible_navigator.main' ansible-navigator.settings.sample not found in settings file
2025-01-02T12:19:53.458253+00:00 DEBUG 'ansible_navigator.main' ansible-navigator.settings.schema not found in settings file
2025-01-02T12:19:53.458269+00:00 DEBUG 'ansible_navigator.main' ansible-navigator.settings.sources not found in settings file
2025-01-02T12:19:53.458286+00:00 DEBUG 'ansible_navigator.main' ansible-navigator.time-zone not found in settings file
2025-01-02T12:19:53.458302+00:00 DEBUG 'ansible_navigator.main' ansible-navigator.ansible-builder.workdir not found in settings file
2025-01-02T12:19:53.458319+00:00 DEBUG 'ansible_navigator.main' EE support enabled: using current working directory for 'ansible.cfg'
2025-01-02T12:19:53.458335+00:00 INFO 'ansible_navigator.main' EE support enabled: found 'ansible.cfg' in current working directory.
2025-01-02T12:19:53.458352+00:00 DEBUG 'ansible_navigator.main' Completed post processing for ansible_runner_artifact_dir. (changed=False)
2025-01-02T12:19:53.458369+00:00 DEBUG 'ansible_navigator.main' Completed post processing for ansible_runner_rotate_artifacts_count. (changed=False)
2025-01-02T12:19:53.458386+00:00 DEBUG 'ansible_navigator.main' Completed post processing for ansible_runner_timeout. (changed=False)
2025-01-02T12:19:53.458411+00:00 DEBUG 'ansible_navigator.main' Completed post processing for cmdline. (changed=False)
2025-01-02T12:19:53.458429+00:00 DEBUG 'ansible_navigator.main' Completed post processing for collection_doc_cache_path. (changed=False)
2025-01-02T12:19:53.458446+00:00 DEBUG 'ansible_navigator.main' Completed post processing for container_engine. (changed=True)
2025-01-02T12:19:53.458462+00:00 DEBUG 'ansible_navigator.main'  before: 'auto'
2025-01-02T12:19:53.458479+00:00 DEBUG 'ansible_navigator.main'  after: 'podman'
2025-01-02T12:19:53.458496+00:00 DEBUG 'ansible_navigator.main' Completed post processing for container_options. (changed=False)
2025-01-02T12:19:53.458513+00:00 DEBUG 'ansible_navigator.main' Completed post processing for display_color. (changed=False)
2025-01-02T12:19:53.458529+00:00 DEBUG 'ansible_navigator.main' Completed post processing for execution_environment. (changed=False)
2025-01-02T12:19:53.458546+00:00 DEBUG 'ansible_navigator.main' Completed post processing for execution_environment_image. (changed=False)
2025-01-02T12:19:53.458563+00:00 DEBUG 'ansible_navigator.main' Completed post processing for help_builder. (changed=False)
2025-01-02T12:19:53.458580+00:00 DEBUG 'ansible_navigator.main' Completed post processing for help_config. (changed=False)
2025-01-02T12:19:53.458604+00:00 DEBUG 'ansible_navigator.main' Completed post processing for help_doc. (changed=False)
2025-01-02T12:19:53.458622+00:00 DEBUG 'ansible_navigator.main' Completed post processing for help_inventory. (changed=False)
2025-01-02T12:19:53.458639+00:00 DEBUG 'ansible_navigator.main' Completed post processing for help_playbook. (changed=False)
2025-01-02T12:19:53.458656+00:00 DEBUG 'ansible_navigator.main' Completed post processing for images_details. (changed=False)
2025-01-02T12:19:53.458672+00:00 DEBUG 'ansible_navigator.main' Completed post processing for inventory. (changed=True)
2025-01-02T12:19:53.458689+00:00 DEBUG 'ansible_navigator.main'  before: '[['inventory.yml', 'test-ping-all-servers.yml']]'
2025-01-02T12:19:53.458706+00:00 DEBUG 'ansible_navigator.main'  after: '['/home/student/inventory-yaml/inventory.yml', '/home/student/inventory-yaml/test-ping-all-servers.yml']'
2025-01-02T12:19:53.458724+00:00 DEBUG 'ansible_navigator.main' Completed post processing for inventory_column. (changed=False)
2025-01-02T12:19:53.458740+00:00 DEBUG 'ansible_navigator.main' Completed post processing for log_file. (changed=False)
2025-01-02T12:19:53.458757+00:00 DEBUG 'ansible_navigator.main' Completed post processing for pass_environment_variable. (changed=False)
2025-01-02T12:19:53.458774+00:00 DEBUG 'ansible_navigator.main' Completed post processing for playbook. (changed=False)
2025-01-02T12:19:53.458791+00:00 DEBUG 'ansible_navigator.main' Completed post processing for playbook_artifact_replay. (changed=False)
2025-01-02T12:19:53.458809+00:00 DEBUG 'ansible_navigator.main' Completed post processing for playbook_artifact_save_as. (changed=False)
2025-01-02T12:19:53.458825+00:00 DEBUG 'ansible_navigator.main' Completed post processing for plugin_name. (changed=False)
2025-01-02T12:19:53.458842+00:00 DEBUG 'ansible_navigator.main' Completed post processing for pull_arguments. (changed=False)
2025-01-02T12:19:53.458859+00:00 DEBUG 'ansible_navigator.main' Completed post processing for set_environment_variable. (changed=False)
2025-01-02T12:19:53.458875+00:00 DEBUG 'ansible_navigator.main' Completed post processing for settings_effective. (changed=False)
2025-01-02T12:19:53.458892+00:00 DEBUG 'ansible_navigator.main' Completed post processing for settings_sample. (changed=False)
2025-01-02T12:19:53.458908+00:00 DEBUG 'ansible_navigator.main' Completed post processing for settings_schema. (changed=False)
2025-01-02T12:19:53.458925+00:00 DEBUG 'ansible_navigator.main' Completed post processing for settings_sources. (changed=False)
2025-01-02T12:19:53.458942+00:00 DEBUG 'ansible_navigator.main' Completed post processing for time_zone. (changed=False)
2025-01-02T12:19:53.458958+00:00 DEBUG 'ansible_navigator.main' Completed post processing for execution_environment_volume_mounts. (changed=False)
2025-01-02T12:19:53.458974+00:00 DEBUG 'ansible_navigator.main' Completed post processing for mode. (changed=False)
2025-01-02T12:19:53.459002+00:00 WARNING 'ansible_navigator.main' Configuration errors encountered, rolling back to previous configuration.
2025-01-02T12:19:53.459019+00:00 DEBUG 'ansible_navigator.main' Prior to rollback: ansible_runner_artifact_dir = 'Not set' (Constants/Not set)
2025-01-02T12:19:53.459036+00:00 DEBUG 'ansible_navigator.main' Prior to rollback: ansible_runner_rotate_artifacts_count = 'Not set' (Constants/Not set)
2025-01-02T12:19:53.459053+00:00 DEBUG 'ansible_navigator.main' Prior to rollback: ansible_runner_timeout = 'Not set' (Constants/Not set)
2025-01-02T12:19:53.459069+00:00 DEBUG 'ansible_navigator.main' Prior to rollback: app = 'run' (str/Command line)
2025-01-02T12:19:53.459086+00:00 DEBUG 'ansible_navigator.main' Prior to rollback: cmdline = 'Not set' (Constants/Not set)
2025-01-02T12:19:53.459103+00:00 DEBUG 'ansible_navigator.main' Prior to rollback: collection_doc_cache_path = '/home/student/.cache/ansible-navigator/collection_doc_cache.db' (str/Defaults)
2025-01-02T12:19:53.459120+00:00 DEBUG 'ansible_navigator.main' Prior to rollback: config = './ansible.cfg' (str/Settings file)
2025-01-02T12:19:53.459145+00:00 DEBUG 'ansible_navigator.main' Prior to rollback: container_engine = 'podman' (str/Automatically determined)
2025-01-02T12:19:53.459163+00:00 DEBUG 'ansible_navigator.main' Prior to rollback: container_options = 'Not set' (Constants/Not set)
2025-01-02T12:19:53.459180+00:00 DEBUG 'ansible_navigator.main' Prior to rollback: display_color = 'True' (bool/Defaults)
2025-01-02T12:19:53.459196+00:00 DEBUG 'ansible_navigator.main' Prior to rollback: editor_command = 'vi +{line_number} {filename}' (str/Defaults)
2025-01-02T12:19:53.459213+00:00 DEBUG 'ansible_navigator.main' Prior to rollback: editor_console = 'True' (bool/Defaults)
2025-01-02T12:19:53.459230+00:00 DEBUG 'ansible_navigator.main' Prior to rollback: exec_command = '/bin/bash' (str/Defaults)
2025-01-02T12:19:53.459246+00:00 DEBUG 'ansible_navigator.main' Prior to rollback: exec_shell = 'True' (bool/Defaults)
2025-01-02T12:19:53.459263+00:00 DEBUG 'ansible_navigator.main' Prior to rollback: execution_environment = 'True' (bool/Defaults)
2025-01-02T12:19:53.459280+00:00 DEBUG 'ansible_navigator.main' Prior to rollback: execution_environment_image = 'ee-supported-rhel8:latest' (str/Settings file)
2025-01-02T12:19:53.459297+00:00 DEBUG 'ansible_navigator.main' Prior to rollback: execution_environment_volume_mounts = 'Not set' (Constants/Not set)
2025-01-02T12:19:53.459313+00:00 DEBUG 'ansible_navigator.main' Prior to rollback: help_builder = 'False' (bool/Defaults)
2025-01-02T12:19:53.459330+00:00 DEBUG 'ansible_navigator.main' Prior to rollback: help_config = 'False' (bool/Defaults)
2025-01-02T12:19:53.459346+00:00 DEBUG 'ansible_navigator.main' Prior to rollback: help_doc = 'False' (bool/Defaults)
2025-01-02T12:19:53.459363+00:00 DEBUG 'ansible_navigator.main' Prior to rollback: help_inventory = 'False' (bool/Defaults)
2025-01-02T12:19:53.459379+00:00 DEBUG 'ansible_navigator.main' Prior to rollback: help_playbook = 'False' (bool/Defaults)
2025-01-02T12:19:53.459401+00:00 DEBUG 'ansible_navigator.main' Prior to rollback: images_details = '['everything']' (list/Defaults)
2025-01-02T12:19:53.459420+00:00 DEBUG 'ansible_navigator.main' Prior to rollback: inventory = '['/home/student/inventory-yaml/inventory.yml', '/home/student/inventory-yaml/test-ping-all-servers.yml']' (list/Command line)
2025-01-02T12:19:53.459438+00:00 DEBUG 'ansible_navigator.main' Prior to rollback: inventory_column = 'Not set' (Constants/Not set)
2025-01-02T12:19:53.459455+00:00 DEBUG 'ansible_navigator.main' Prior to rollback: lint_config = 'Not set' (Constants/Not set)
2025-01-02T12:19:53.459471+00:00 DEBUG 'ansible_navigator.main' Prior to rollback: lintables = 'Not set' (Constants/Not set)
2025-01-02T12:19:53.459488+00:00 DEBUG 'ansible_navigator.main' Prior to rollback: log_append = 'True' (bool/Defaults)
2025-01-02T12:19:53.459504+00:00 DEBUG 'ansible_navigator.main' Prior to rollback: log_file = '/dev/null' (str/Settings file)
2025-01-02T12:19:53.459521+00:00 DEBUG 'ansible_navigator.main' Prior to rollback: log_level = 'warning' (str/Defaults)
2025-01-02T12:19:53.459537+00:00 DEBUG 'ansible_navigator.main' Prior to rollback: mode = 'stdout' (str/Command line)
2025-01-02T12:19:53.459553+00:00 DEBUG 'ansible_navigator.main' Prior to rollback: osc4 = 'True' (bool/Defaults)
2025-01-02T12:19:53.459570+00:00 DEBUG 'ansible_navigator.main' Prior to rollback: pass_environment_variable = 'Not set' (Constants/Not set)
2025-01-02T12:19:53.459587+00:00 DEBUG 'ansible_navigator.main' Prior to rollback: playbook = 'Not set' (Constants/Not set)
2025-01-02T12:19:53.459604+00:00 DEBUG 'ansible_navigator.main' Prior to rollback: playbook_artifact_enable = 'True' (bool/Defaults)
2025-01-02T12:19:53.459621+00:00 DEBUG 'ansible_navigator.main' Prior to rollback: playbook_artifact_replay = 'Not set' (Constants/Not set)
2025-01-02T12:19:53.459637+00:00 DEBUG 'ansible_navigator.main' Prior to rollback: playbook_artifact_save_as = '{playbook_dir}/{playbook_name}-artifact-{time_stamp}.json' (str/Defaults)
2025-01-02T12:19:53.459657+00:00 DEBUG 'ansible_navigator.main' Prior to rollback: plugin_name = 'Not set' (Constants/Not set)
2025-01-02T12:19:53.459674+00:00 DEBUG 'ansible_navigator.main' Prior to rollback: plugin_type = 'module' (str/Defaults)
2025-01-02T12:19:53.459691+00:00 DEBUG 'ansible_navigator.main' Prior to rollback: pull_arguments = 'Not set' (Constants/Not set)
2025-01-02T12:19:53.459707+00:00 DEBUG 'ansible_navigator.main' Prior to rollback: pull_policy = 'missing' (str/Settings file)
2025-01-02T12:19:53.459723+00:00 DEBUG 'ansible_navigator.main' Prior to rollback: set_environment_variable = 'Not set' (Constants/Not set)
2025-01-02T12:19:53.459740+00:00 DEBUG 'ansible_navigator.main' Prior to rollback: settings_effective = 'False' (bool/Defaults)
2025-01-02T12:19:53.459757+00:00 DEBUG 'ansible_navigator.main' Prior to rollback: settings_sample = 'False' (bool/Defaults)
2025-01-02T12:19:53.459774+00:00 DEBUG 'ansible_navigator.main' Prior to rollback: settings_schema = 'json' (str/Defaults)
2025-01-02T12:19:53.459790+00:00 DEBUG 'ansible_navigator.main' Prior to rollback: settings_sources = 'False' (bool/Defaults)
2025-01-02T12:19:53.459806+00:00 DEBUG 'ansible_navigator.main' Prior to rollback: time_zone = 'UTC' (str/Defaults)
2025-01-02T12:19:53.459823+00:00 DEBUG 'ansible_navigator.main' Prior to rollback: workdir = '/home/student/inventory-yaml' (str/Defaults)
2025-01-02T12:19:53.459840+00:00 DEBUG 'ansible_navigator.main' After rollback: ansible_runner_artifact_dir = 'Not set' (Constants/Not set)
2025-01-02T12:19:53.459856+00:00 DEBUG 'ansible_navigator.main' After rollback: ansible_runner_rotate_artifacts_count = 'Not set' (Constants/Not set)
2025-01-02T12:19:53.459873+00:00 DEBUG 'ansible_navigator.main' After rollback: ansible_runner_timeout = 'Not set' (Constants/Not set)
2025-01-02T12:19:53.459889+00:00 DEBUG 'ansible_navigator.main' After rollback: app = 'Not set' (Constants/Not set)
2025-01-02T12:19:53.459906+00:00 DEBUG 'ansible_navigator.main' After rollback: cmdline = 'Not set' (Constants/Not set)
2025-01-02T12:19:53.459922+00:00 DEBUG 'ansible_navigator.main' After rollback: collection_doc_cache_path = 'Not set' (Constants/Not set)
2025-01-02T12:19:53.459939+00:00 DEBUG 'ansible_navigator.main' After rollback: config = 'Not set' (Constants/Not set)
2025-01-02T12:19:53.459956+00:00 DEBUG 'ansible_navigator.main' After rollback: container_engine = 'Not set' (Constants/Not set)
2025-01-02T12:19:53.459973+00:00 DEBUG 'ansible_navigator.main' After rollback: container_options = 'Not set' (Constants/Not set)
2025-01-02T12:19:53.459995+00:00 DEBUG 'ansible_navigator.main' After rollback: display_color = 'Not set' (Constants/Not set)
2025-01-02T12:19:53.460012+00:00 DEBUG 'ansible_navigator.main' After rollback: editor_command = 'Not set' (Constants/Not set)
2025-01-02T12:19:53.460028+00:00 DEBUG 'ansible_navigator.main' After rollback: editor_console = 'Not set' (Constants/Not set)
2025-01-02T12:19:53.460045+00:00 DEBUG 'ansible_navigator.main' After rollback: exec_command = 'Not set' (Constants/Not set)
2025-01-02T12:19:53.460061+00:00 DEBUG 'ansible_navigator.main' After rollback: exec_shell = 'Not set' (Constants/Not set)
2025-01-02T12:19:53.460078+00:00 DEBUG 'ansible_navigator.main' After rollback: execution_environment = 'Not set' (Constants/Not set)
2025-01-02T12:19:53.460094+00:00 DEBUG 'ansible_navigator.main' After rollback: execution_environment_image = 'Not set' (Constants/Not set)
2025-01-02T12:19:53.460111+00:00 DEBUG 'ansible_navigator.main' After rollback: execution_environment_volume_mounts = 'Not set' (Constants/Not set)
2025-01-02T12:19:53.460128+00:00 DEBUG 'ansible_navigator.main' After rollback: help_builder = 'Not set' (Constants/Not set)
2025-01-02T12:19:53.460144+00:00 DEBUG 'ansible_navigator.main' After rollback: help_config = 'Not set' (Constants/Not set)
2025-01-02T12:19:53.460161+00:00 DEBUG 'ansible_navigator.main' After rollback: help_doc = 'Not set' (Constants/Not set)
2025-01-02T12:19:53.460178+00:00 DEBUG 'ansible_navigator.main' After rollback: help_inventory = 'Not set' (Constants/Not set)
2025-01-02T12:19:53.460197+00:00 DEBUG 'ansible_navigator.main' After rollback: help_playbook = 'Not set' (Constants/Not set)
2025-01-02T12:19:53.460213+00:00 DEBUG 'ansible_navigator.main' After rollback: images_details = 'Not set' (Constants/Not set)
2025-01-02T12:19:53.460230+00:00 DEBUG 'ansible_navigator.main' After rollback: inventory = 'Not set' (Constants/Not set)
2025-01-02T12:19:53.460247+00:00 DEBUG 'ansible_navigator.main' After rollback: inventory_column = 'Not set' (Constants/Not set)
2025-01-02T12:19:53.460263+00:00 DEBUG 'ansible_navigator.main' After rollback: lint_config = 'Not set' (Constants/Not set)
2025-01-02T12:19:53.460279+00:00 DEBUG 'ansible_navigator.main' After rollback: lintables = 'Not set' (Constants/Not set)
2025-01-02T12:19:53.460296+00:00 DEBUG 'ansible_navigator.main' After rollback: log_append = 'Not set' (Constants/Not set)
2025-01-02T12:19:53.460312+00:00 DEBUG 'ansible_navigator.main' After rollback: log_file = 'Not set' (Constants/Not set)
2025-01-02T12:19:53.460328+00:00 DEBUG 'ansible_navigator.main' After rollback: log_level = 'Not set' (Constants/Not set)
2025-01-02T12:19:53.460345+00:00 DEBUG 'ansible_navigator.main' After rollback: mode = 'Not set' (Constants/Not set)
2025-01-02T12:19:53.460361+00:00 DEBUG 'ansible_navigator.main' After rollback: osc4 = 'Not set' (Constants/Not set)
2025-01-02T12:19:53.460378+00:00 DEBUG 'ansible_navigator.main' After rollback: pass_environment_variable = 'Not set' (Constants/Not set)
2025-01-02T12:19:53.460394+00:00 DEBUG 'ansible_navigator.main' After rollback: playbook = 'Not set' (Constants/Not set)
2025-01-02T12:19:53.460429+00:00 DEBUG 'ansible_navigator.main' After rollback: playbook_artifact_enable = 'Not set' (Constants/Not set)
2025-01-02T12:19:53.460446+00:00 DEBUG 'ansible_navigator.main' After rollback: playbook_artifact_replay = 'Not set' (Constants/Not set)
2025-01-02T12:19:53.460462+00:00 DEBUG 'ansible_navigator.main' After rollback: playbook_artifact_save_as = 'Not set' (Constants/Not set)
2025-01-02T12:19:53.460479+00:00 DEBUG 'ansible_navigator.main' After rollback: plugin_name = 'Not set' (Constants/Not set)
2025-01-02T12:19:53.460495+00:00 DEBUG 'ansible_navigator.main' After rollback: plugin_type = 'Not set' (Constants/Not set)
2025-01-02T12:19:53.460511+00:00 DEBUG 'ansible_navigator.main' After rollback: pull_arguments = 'Not set' (Constants/Not set)
2025-01-02T12:19:53.460528+00:00 DEBUG 'ansible_navigator.main' After rollback: pull_policy = 'Not set' (Constants/Not set)
2025-01-02T12:19:53.460545+00:00 DEBUG 'ansible_navigator.main' After rollback: set_environment_variable = 'Not set' (Constants/Not set)
2025-01-02T12:19:53.460561+00:00 DEBUG 'ansible_navigator.main' After rollback: settings_effective = 'Not set' (Constants/Not set)
2025-01-02T12:19:53.460577+00:00 DEBUG 'ansible_navigator.main' After rollback: settings_sample = 'Not set' (Constants/Not set)
2025-01-02T12:19:53.460594+00:00 DEBUG 'ansible_navigator.main' After rollback: settings_schema = 'Not set' (Constants/Not set)
2025-01-02T12:19:53.460611+00:00 DEBUG 'ansible_navigator.main' After rollback: settings_sources = 'Not set' (Constants/Not set)
2025-01-02T12:19:53.460627+00:00 DEBUG 'ansible_navigator.main' After rollback: time_zone = 'Not set' (Constants/Not set)
2025-01-02T12:19:53.460644+00:00 DEBUG 'ansible_navigator.main' After rollback: workdir = 'Not set' (Constants/Not set)
2025-01-02T12:19:53.460660+00:00 DEBUG 'ansible_navigator.main' Configuration rollback complete.
2025-01-02T12:19:53.460677+00:00 DEBUG 'ansible_navigator.main' Collection doc cache not mounted
2025-01-02T12:19:53.460708+00:00 WARNING 'ansible_navigator.main' Issues were found while applying the settings.
2025-01-02T12:19:53.460728+00:00 INFO 'ansible_navigator.main' Command provided: 'run -m stdout -i inventory.yml test-ping-all-servers.yml'
2025-01-02T12:19:53.460749+00:00 ERROR 'ansible_navigator.main' A playbook is required when using the run subcommand
2025-01-02T12:19:53.460768+00:00 INFO 'ansible_navigator.main' Try again with 'run <playbook name>'
2025-01-02T12:19:53.460795+00:00 INFO 'ansible_navigator.main' Configuration failed, using default log file location. (/home/student/inventory-yaml/ansible-navigator.log) Log level set to debug
2025-01-02T12:19:53.460815+00:00 INFO 'ansible_navigator.main' Review the hints and log file to see what went wrong.
